  gui.cpp
  main.cpp
  notHacks.cpp
  imgui.cpp
  imgui_demo.cpp
  imgui_draw.cpp
  imgui_impl_dx9.cpp
  imgui_impl_win32.cpp
  imgui_tables.cpp
  imgui_widgets.cpp
  Generating code
  Previous IPDB not found, fall back to full compilation.
D:\cheatsshitimake\extMenu\extMenu\cheat\vector.h(17): warning C4172: returning address of local variable or temporary
D:\cheatsshitimake\extMenu\extMenu\cheat\vector.h(22): warning C4172: returning address of local variable or temporary
D:\cheatsshitimake\extMenu\extMenu\cheat\vector.h(27): warning C4172: returning address of local variable or temporary
D:\cheatsshitimake\extMenu\extMenu\cheat\vector.h(32): warning C4172: returning address of local variable or temporary
D:\cheatsshitimake\extMenu\extMenu\cheat\vector.h(38): warning C4172: returning address of local variable or temporary
  All 1600 functions were compiled because no usable IPDB/IOBJ from previous compilation was found.
  Finished generating code
  extMenu.vcxproj -> D:\cheatsshitimake\extMenu\Release\extMenu.exe
