d:\cheatsshitimake\extmenu\extmenu\release\vc143.pdb
d:\cheatsshitimake\extmenu\extmenu\release\imgui_widgets.obj
d:\cheatsshitimake\extmenu\extmenu\release\imgui_tables.obj
d:\cheatsshitimake\extmenu\extmenu\release\imgui_impl_win32.obj
d:\cheatsshitimake\extmenu\extmenu\release\imgui_impl_dx9.obj
d:\cheatsshitimake\extmenu\extmenu\release\imgui_draw.obj
d:\cheatsshitimake\extmenu\extmenu\release\imgui_demo.obj
d:\cheatsshitimake\extmenu\extmenu\release\imgui.obj
d:\cheatsshitimake\extmenu\extmenu\release\nothacks.obj
d:\cheatsshitimake\extmenu\extmenu\release\main.obj
d:\cheatsshitimake\extmenu\extmenu\release\gui.obj
d:\cheatsshitimake\extmenu\release\extmenu.exe
d:\cheatsshitimake\extmenu\extmenu\release\extmenu.ipdb
d:\cheatsshitimake\extmenu\extmenu\release\extmenu.iobj
d:\cheatsshitimake\extmenu\release\extmenu.pdb
d:\cheatsshitimake\extmenu\extmenu\release\extmenu.tlog\cl.command.1.tlog
d:\cheatsshitimake\extmenu\extmenu\release\extmenu.tlog\cl.read.1.tlog
d:\cheatsshitimake\extmenu\extmenu\release\extmenu.tlog\cl.write.1.tlog
d:\cheatsshitimake\extmenu\extmenu\release\extmenu.tlog\link.command.1.tlog
d:\cheatsshitimake\extmenu\extmenu\release\extmenu.tlog\link.read.1.tlog
d:\cheatsshitimake\extmenu\extmenu\release\extmenu.tlog\link.write.1.tlog
